CRITICAL - 2023-03-10 09:13:38 --> The framework needs the following extension(s) installed and loaded: intl.
in SYSTEMPATH\CodeIgniter.php on line 224.
 1 SYSTEMPATH\CodeIgniter.php(224): CodeIgniter\Exceptions\FrameworkException::forMissingExtension('intl')
 2 SYSTEMPATH\CodeIgniter.php(182): CodeIgniter\CodeIgniter->resolvePlatformExtensions()
 3 ROOTPATH\spark(83): CodeIgniter\CodeIgniter->initialize()
ERROR - 2023-03-10 02:17:07 --> Error connecting to the database: mysqli_sql_exception: Unknown database 'pertemuan1' in D:\codeigniter4-framework-6ffad15\system\Database\MySQLi\Connection.php:171
Stack trace:
#0 D:\codeigniter4-framework-6ffad15\system\Database\MySQLi\Connection.php(171): mysqli->real_connect('localhost', 'root', '', 'pertemuan1', 3306, '', 0)
#1 D:\codeigniter4-framework-6ffad15\system\Database\BaseConnection.php(382): CodeIgniter\Database\MySQLi\Connection->connect(false)
#2 D:\codeigniter4-framework-6ffad15\system\Database\BaseConnection.php(561): CodeIgniter\Database\BaseConnection->initialize()
#3 D:\codeigniter4-framework-6ffad15\app\Models\MData.php(11): CodeIgniter\Database\BaseConnection->query('select * from m...')
#4 D:\codeigniter4-framework-6ffad15\app\Controllers\Data.php(17): App\Models\MData->getData()
#5 D:\codeigniter4-framework-6ffad15\system\CodeIgniter.php(927): App\Controllers\Data->index()
#6 D:\codeigniter4-framework-6ffad15\system\CodeIgniter.php(482): CodeIgniter\CodeIgniter->runController(Object(App\Controllers\Data))
#7 D:\codeigniter4-framework-6ffad15\system\CodeIgniter.php(351): CodeIgniter\CodeIgniter->handleRequest(NULL, Object(Config\Cache), false)
#8 D:\codeigniter4-framework-6ffad15\public\index.php(67): CodeIgniter\CodeIgniter->run()
#9 D:\codeigniter4-framework-6ffad15\system\Commands\Server\rewrite.php(46): require_once('D:\\codeigniter4...')
#10 {main}

Next CodeIgniter\Database\Exceptions\DatabaseException: Unknown database 'pertemuan1' in D:\codeigniter4-framework-6ffad15\system\Database\MySQLi\Connection.php:215
Stack trace:
#0 D:\codeigniter4-framework-6ffad15\system\Database\BaseConnection.php(382): CodeIgniter\Database\MySQLi\Connection->connect(false)
#1 D:\codeigniter4-framework-6ffad15\system\Database\BaseConnection.php(561): CodeIgniter\Database\BaseConnection->initialize()
#2 D:\codeigniter4-framework-6ffad15\app\Models\MData.php(11): CodeIgniter\Database\BaseConnection->query('select * from m...')
#3 D:\codeigniter4-framework-6ffad15\app\Controllers\Data.php(17): App\Models\MData->getData()
#4 D:\codeigniter4-framework-6ffad15\system\CodeIgniter.php(927): App\Controllers\Data->index()
#5 D:\codeigniter4-framework-6ffad15\system\CodeIgniter.php(482): CodeIgniter\CodeIgniter->runController(Object(App\Controllers\Data))
#6 D:\codeigniter4-framework-6ffad15\system\CodeIgniter.php(351): CodeIgniter\CodeIgniter->handleRequest(NULL, Object(Config\Cache), false)
#7 D:\codeigniter4-framework-6ffad15\public\index.php(67): CodeIgniter\CodeIgniter->run()
#8 D:\codeigniter4-framework-6ffad15\system\Commands\Server\rewrite.php(46): require_once('D:\\codeigniter4...')
#9 {main}
CRITICAL - 2023-03-10 02:17:07 --> Unable to connect to the database.
Main connection [MySQLi]: Unknown database 'pertemuan1'
in SYSTEMPATH\Database\BaseConnection.php on line 418.
 1 SYSTEMPATH\Database\BaseConnection.php(561): CodeIgniter\Database\BaseConnection->initialize()
 2 APPPATH\Models\MData.php(11): CodeIgniter\Database\BaseConnection->query('select * from mahasiswa')
 3 APPPATH\Controllers\Data.php(17): App\Models\MData->getData()
 4 SYSTEMPATH\CodeIgniter.php(927): App\Controllers\Data->index()
 5 SYSTEMPATH\CodeIgniter.php(482): CodeIgniter\CodeIgniter->runController(Object(App\Controllers\Data))
 6 SYSTEMPATH\CodeIgniter.php(351): CodeIgniter\CodeIgniter->handleRequest(null, Object(Config\Cache), false)
 7 FCPATH\index.php(67): CodeIgniter\CodeIgniter->run()
 8 SYSTEMPATH\Commands\Server\rewrite.php(46): require_once('FCPATH\\index.php')
